10:34:18 PM  [main] 	Initializing Control Panel
10:34:18 PM  [main] 	Windows Version:  Enterprise  64-bit
10:34:18 PM  [main] 	XAMPP Version: 8.2.12
10:34:18 PM  [main] 	Control Panel Version: 3.3.0  [ Compiled: Apr 6th 2021 ]
10:34:18 PM  [main] 	You are not running with administrator rights! This will work for
10:34:18 PM  [main] 	most application stuff but whenever you do something with services
10:34:18 PM  [main] 	there will be a security dialogue or things will break! So think 
10:34:18 PM  [main] 	about running this application with administrator rights!
10:34:18 PM  [main] 	XAMPP Installation Directory: "d:\web\"
10:34:18 PM  [main] 	Checking for prerequisites
10:34:22 PM  [main] 	All prerequisites found
10:34:22 PM  [main] 	Initializing Modules
10:34:22 PM  [main] 	Starting Check-Timer
10:34:22 PM  [main] 	Control Panel Ready
10:34:22 PM  [main] 	Deinitializing Modules
10:34:22 PM  [main] 	Deinitializing Control Panel

5:47:17 PM  [main] 	Initializing Control Panel
5:47:17 PM  [main] 	Windows Version:  Enterprise  64-bit
5:47:17 PM  [main] 	XAMPP Version: 8.2.12
5:47:17 PM  [main] 	Control Panel Version: 3.3.0  [ Compiled: Apr 6th 2021 ]
5:47:17 PM  [main] 	You are not running with administrator rights! This will work for
5:47:17 PM  [main] 	most application stuff but whenever you do something with services
5:47:17 PM  [main] 	there will be a security dialogue or things will break! So think 
5:47:17 PM  [main] 	about running this application with administrator rights!
5:47:17 PM  [main] 	XAMPP Installation Directory: "d:\web\"
5:47:17 PM  [main] 	Checking for prerequisites
5:47:17 PM  [main] 	All prerequisites found
5:47:17 PM  [main] 	Initializing Modules
5:47:17 PM  [main] 	Starting Check-Timer
5:47:17 PM  [main] 	Control Panel Ready
5:47:19 PM  [Apache] 	Attempting to start Apache app...
5:47:19 PM  [Apache] 	Status change detected: running
7:12:19 PM  [main] 	Deinitializing Modules
7:12:19 PM  [main] 	Deinitializing Control Panel

